{"C:\\Users\\Alunos\\Documents\\LaboratorioDesenvolvimentoWeb\\aula2\\src\\operations.ts": {"path":"C:\\Users\\Alunos\\Documents\\LaboratorioDesenvolvimentoWeb\\aula2\\src\\operations.ts","statementMap":{"0":{"start":{"line":1,"column":12},"end":{"line":1,"column":43}},"1":{"start":{"line":1,"column":38},"end":{"line":1,"column":43}},"2":{"start":{"line":3,"column":0},"end":{"line":3,"column":23}}},"fnMap":{"0":{"name":"(anonymous_0)","decl":{"start":{"line":1,"column":12},"end":{"line":1,"column":13}},"loc":{"start":{"line":1,"column":38},"end":{"line":1,"column":43}}}},"branchMap":{},"s":{"0":1,"1":1,"2":1},"f":{"0":1},"b":{}}
}
